{"/Users/milver/Development/interview/pokeapi/src/api/config.js": {"path":"/Users/milver/Development/interview/pokeapi/src/api/config.js","statementMap":{"0":{"start":{"line":1,"column":15},"end":{"line":4,"column":1}}},"fnMap":{},"branchMap":{},"s":{"0":3},"f":{},"b":{},"_coverageSchema":"43e27e138ebf9cfc5966b082cf9a028302ed4184","hash":"ab33ca20eb0f8fc3ea810e8e3dc56ad7d1141c18"}
,"/Users/milver/Development/interview/pokeapi/src/api/pokemonApi.js": {"path":"/Users/milver/Development/interview/pokeapi/src/api/pokemonApi.js","statementMap":{"0":{"start":{"line":4,"column":19},"end":{"line":8,"column":1}},"1":{"start":{"line":6,"column":4},"end":{"line":6,"column":62}}},"fnMap":{"0":{"name":"(anonymous_0)","decl":{"start":{"line":5,"column":2},"end":{"line":5,"column":3}},"loc":{"start":{"line":5,"column":26},"end":{"line":7,"column":3}},"line":5}},"branchMap":{"0":{"loc":{"start":{"line":5,"column":13},"end":{"line":5,"column":24}},"type":"default-arg","locations":[{"start":{"line":5,"column":22},"end":{"line":5,"column":24}}],"line":5}},"s":{"0":2,"1":5},"f":{"0":5},"b":{"0":[0]},"_coverageSchema":"43e27e138ebf9cfc5966b082cf9a028302ed4184","hash":"11882841f3cccb8a7fb321dd7fbcb2b343beac24"}
,"/Users/milver/Development/interview/pokeapi/src/assets/logo.png": {"path":"/Users/milver/Development/interview/pokeapi/src/assets/logo.png","statementMap":{"0":{"start":{"line":1,"column":0},"end":{"line":1,"column":19}}},"fnMap":{},"branchMap":{},"s":{"0":1},"f":{},"b":{},"_coverageSchema":"43e27e138ebf9cfc5966b082cf9a028302ed4184","hash":"8eeb1380ef92e9c768e6fa92df93861e686f00fe"}
,"/Users/milver/Development/interview/pokeapi/src/components/HelloWorld.vue": {"path":"/Users/milver/Development/interview/pokeapi/src/components/HelloWorld.vue","statementMap":{"0":{"start":{"line":38,"column":15},"end":{"line":38,"column":null}}},"fnMap":{},"branchMap":{},"s":{"0":1},"f":{},"b":{}}
,"/Users/milver/Development/interview/pokeapi/src/components/Layout.vue": {"path":"/Users/milver/Development/interview/pokeapi/src/components/Layout.vue","statementMap":{"0":{"start":{"line":13,"column":0},"end":{"line":13,"column":null}},"1":{"start":{"line":14,"column":0},"end":{"line":14,"column":null}},"2":{"start":{"line":16,"column":15},"end":{"line":16,"column":null}},"3":{"start":{"line":19,"column":18},"end":{"line":19,"column":22}},"4":{"start":{"line":34,"column":4},"end":{"line":34,"column":11}}},"fnMap":{"0":{"name":"(anonymous_0)","decl":{"start":{"line":18,"column":2},"end":{"line":18,"column":7}},"loc":{"start":{"line":18,"column":10},"end":{"line":35,"column":null}}}},"branchMap":{},"s":{"0":1,"1":1,"2":1,"3":1,"4":1},"f":{"0":1},"b":{}}
,"/Users/milver/Development/interview/pokeapi/src/store/index.js": {"path":"/Users/milver/Development/interview/pokeapi/src/store/index.js","statementMap":{"0":{"start":{"line":11,"column":6},"end":{"line":11,"column":26}},"1":{"start":{"line":14,"column":6},"end":{"line":14,"column":27}},"2":{"start":{"line":15,"column":6},"end":{"line":15,"column":30}},"3":{"start":{"line":21,"column":33},"end":{"line":21,"column":44}},"4":{"start":{"line":22,"column":35},"end":{"line":22,"column":48}}},"fnMap":{"0":{"name":"(anonymous_0)","decl":{"start":{"line":10,"column":4},"end":{"line":10,"column":5}},"loc":{"start":{"line":10,"column":35},"end":{"line":12,"column":5}},"line":10},"1":{"name":"(anonymous_1)","decl":{"start":{"line":13,"column":4},"end":{"line":13,"column":5}},"loc":{"start":{"line":13,"column":39},"end":{"line":16,"column":5}},"line":13},"2":{"name":"(anonymous_2)","decl":{"start":{"line":21,"column":22},"end":{"line":21,"column":23}},"loc":{"start":{"line":21,"column":33},"end":{"line":21,"column":44}},"line":21},"3":{"name":"(anonymous_3)","decl":{"start":{"line":22,"column":24},"end":{"line":22,"column":25}},"loc":{"start":{"line":22,"column":35},"end":{"line":22,"column":48}},"line":22}},"branchMap":{},"s":{"0":0,"1":0,"2":0,"3":0,"4":0},"f":{"0":0,"1":0,"2":0,"3":0},"b":{},"_coverageSchema":"43e27e138ebf9cfc5966b082cf9a028302ed4184","hash":"e218533bd281a0712901abec0ebdbe2e1d393db0"}
,"/Users/milver/Development/interview/pokeapi/src/store/modules/pokemon/actions.js": {"path":"/Users/milver/Development/interview/pokeapi/src/store/modules/pokemon/actions.js","statementMap":{"0":{"start":{"line":4,"column":16},"end":{"line":20,"column":1}},"1":{"start":{"line":6,"column":4},"end":{"line":15,"column":5}},"2":{"start":{"line":7,"column":6},"end":{"line":7,"column":47}},"3":{"start":{"line":8,"column":23},"end":{"line":8,"column":58}},"4":{"start":{"line":9,"column":6},"end":{"line":9,"column":38}},"5":{"start":{"line":10,"column":6},"end":{"line":10,"column":43}},"6":{"start":{"line":12,"column":6},"end":{"line":12,"column":36}},"7":{"start":{"line":14,"column":6},"end":{"line":14,"column":48}},"8":{"start":{"line":18,"column":4},"end":{"line":18,"column":36}}},"fnMap":{"0":{"name":"(anonymous_0)","decl":{"start":{"line":5,"column":2},"end":{"line":5,"column":3}},"loc":{"start":{"line":5,"column":52},"end":{"line":16,"column":3}},"line":5},"1":{"name":"(anonymous_1)","decl":{"start":{"line":17,"column":2},"end":{"line":17,"column":3}},"loc":{"start":{"line":17,"column":43},"end":{"line":19,"column":3}},"line":17}},"branchMap":{"0":{"loc":{"start":{"line":5,"column":39},"end":{"line":5,"column":50}},"type":"default-arg","locations":[{"start":{"line":5,"column":48},"end":{"line":5,"column":50}}],"line":5}},"s":{"0":2,"1":5,"2":5,"3":5,"4":1,"5":1,"6":1,"7":2,"8":1},"f":{"0":5,"1":1},"b":{"0":[0]},"_coverageSchema":"43e27e138ebf9cfc5966b082cf9a028302ed4184","hash":"4dd2eb7724c825769e0d409e15610dad5e690167"}
,"/Users/milver/Development/interview/pokeapi/src/store/modules/pokemon/getters.js": {"path":"/Users/milver/Development/interview/pokeapi/src/store/modules/pokemon/getters.js","statementMap":{"0":{"start":{"line":2,"column":16},"end":{"line":8,"column":1}},"1":{"start":{"line":3,"column":26},"end":{"line":3,"column":44}},"2":{"start":{"line":4,"column":28},"end":{"line":4,"column":43}},"3":{"start":{"line":5,"column":23},"end":{"line":5,"column":33}},"4":{"start":{"line":6,"column":25},"end":{"line":6,"column":37}},"5":{"start":{"line":7,"column":26},"end":{"line":7,"column":44}}},"fnMap":{"0":{"name":"(anonymous_0)","decl":{"start":{"line":3,"column":15},"end":{"line":3,"column":16}},"loc":{"start":{"line":3,"column":26},"end":{"line":3,"column":44}},"line":3},"1":{"name":"(anonymous_1)","decl":{"start":{"line":4,"column":17},"end":{"line":4,"column":18}},"loc":{"start":{"line":4,"column":28},"end":{"line":4,"column":43}},"line":4},"2":{"name":"(anonymous_2)","decl":{"start":{"line":5,"column":12},"end":{"line":5,"column":13}},"loc":{"start":{"line":5,"column":23},"end":{"line":5,"column":33}},"line":5},"3":{"name":"(anonymous_3)","decl":{"start":{"line":6,"column":14},"end":{"line":6,"column":15}},"loc":{"start":{"line":6,"column":25},"end":{"line":6,"column":37}},"line":6},"4":{"name":"(anonymous_4)","decl":{"start":{"line":7,"column":15},"end":{"line":7,"column":16}},"loc":{"start":{"line":7,"column":26},"end":{"line":7,"column":44}},"line":7}},"branchMap":{},"s":{"0":1,"1":6,"2":1,"3":6,"4":2,"5":5},"f":{"0":6,"1":1,"2":6,"3":2,"4":5},"b":{},"_coverageSchema":"43e27e138ebf9cfc5966b082cf9a028302ed4184","hash":"bae3324b84b1938c6975119ae86396e7ff81e702"}
,"/Users/milver/Development/interview/pokeapi/src/store/modules/pokemon/index.js": {"path":"/Users/milver/Development/interview/pokeapi/src/store/modules/pokemon/index.js","statementMap":{"0":{"start":{"line":5,"column":14},"end":{"line":18,"column":1}}},"fnMap":{},"branchMap":{},"s":{"0":1},"f":{},"b":{},"_coverageSchema":"43e27e138ebf9cfc5966b082cf9a028302ed4184","hash":"1149444b76620536fa6fe5680ab07f6cbf51ed96"}
,"/Users/milver/Development/interview/pokeapi/src/store/modules/pokemon/mutations.js": {"path":"/Users/milver/Development/interview/pokeapi/src/store/modules/pokemon/mutations.js","statementMap":{"0":{"start":{"line":4,"column":18},"end":{"line":48,"column":1}},"1":{"start":{"line":6,"column":17},"end":{"line":6,"column":31}},"2":{"start":{"line":7,"column":15},"end":{"line":7,"column":42}},"3":{"start":{"line":8,"column":4},"end":{"line":19,"column":7}},"4":{"start":{"line":9,"column":19},"end":{"line":9,"column":31}},"5":{"start":{"line":10,"column":24},"end":{"line":10,"column":34}},"6":{"start":{"line":11,"column":25},"end":{"line":11,"column":86}},"7":{"start":{"line":11,"column":59},"end":{"line":11,"column":65}},"8":{"start":{"line":12,"column":6},"end":{"line":12,"column":26}},"9":{"start":{"line":13,"column":6},"end":{"line":13,"column":33}},"10":{"start":{"line":14,"column":6},"end":{"line":16,"column":66}},"11":{"start":{"line":17,"column":6},"end":{"line":17,"column":64}},"12":{"start":{"line":18,"column":6},"end":{"line":18,"column":18}},"13":{"start":{"line":20,"column":4},"end":{"line":20,"column":44}},"14":{"start":{"line":23,"column":4},"end":{"line":23,"column":27}},"15":{"start":{"line":26,"column":17},"end":{"line":26,"column":34}},"16":{"start":{"line":27,"column":23},"end":{"line":27,"column":40}},"17":{"start":{"line":28,"column":22},"end":{"line":30,"column":63}},"18":{"start":{"line":31,"column":4},"end":{"line":37,"column":7}},"19":{"start":{"line":32,"column":6},"end":{"line":35,"column":7}},"20":{"start":{"line":34,"column":8},"end":{"line":34,"column":64}},"21":{"start":{"line":36,"column":6},"end":{"line":36,"column":19}},"22":{"start":{"line":38,"column":4},"end":{"line":42,"column":5}},"23":{"start":{"line":39,"column":6},"end":{"line":39,"column":113}},"24":{"start":{"line":41,"column":6},"end":{"line":41,"column":88}},"25":{"start":{"line":41,"column":63},"end":{"line":41,"column":86}},"26":{"start":{"line":43,"column":4},"end":{"line":43,"column":22}},"27":{"start":{"line":46,"column":4},"end":{"line":46,"column":47}}},"fnMap":{"0":{"name":"(anonymous_0)","decl":{"start":{"line":5,"column":2},"end":{"line":5,"column":3}},"loc":{"start":{"line":5,"column":30},"end":{"line":21,"column":3}},"line":5},"1":{"name":"(anonymous_1)","decl":{"start":{"line":8,"column":36},"end":{"line":8,"column":37}},"loc":{"start":{"line":8,"column":54},"end":{"line":19,"column":5}},"line":8},"2":{"name":"(anonymous_2)","decl":{"start":{"line":11,"column":50},"end":{"line":11,"column":51}},"loc":{"start":{"line":11,"column":59},"end":{"line":11,"column":65}},"line":11},"3":{"name":"(anonymous_3)","decl":{"start":{"line":22,"column":2},"end":{"line":22,"column":3}},"loc":{"start":{"line":22,"column":32},"end":{"line":24,"column":3}},"line":22},"4":{"name":"(anonymous_4)","decl":{"start":{"line":25,"column":2},"end":{"line":25,"column":3}},"loc":{"start":{"line":25,"column":31},"end":{"line":44,"column":3}},"line":25},"5":{"name":"(anonymous_5)","decl":{"start":{"line":31,"column":36},"end":{"line":31,"column":37}},"loc":{"start":{"line":31,"column":47},"end":{"line":37,"column":5}},"line":31},"6":{"name":"(anonymous_6)","decl":{"start":{"line":41,"column":52},"end":{"line":41,"column":53}},"loc":{"start":{"line":41,"column":63},"end":{"line":41,"column":86}},"line":41},"7":{"name":"(anonymous_7)","decl":{"start":{"line":45,"column":2},"end":{"line":45,"column":3}},"loc":{"start":{"line":45,"column":30},"end":{"line":47,"column":3}},"line":45}},"branchMap":{"0":{"loc":{"start":{"line":14,"column":23},"end":{"line":16,"column":65}},"type":"cond-expr","locations":[{"start":{"line":15,"column":10},"end":{"line":15,"column":63}},{"start":{"line":16,"column":10},"end":{"line":16,"column":65}}],"line":14},"1":{"loc":{"start":{"line":28,"column":22},"end":{"line":30,"column":63}},"type":"cond-expr","locations":[{"start":{"line":29,"column":8},"end":{"line":29,"column":61}},{"start":{"line":30,"column":8},"end":{"line":30,"column":63}}],"line":28},"2":{"loc":{"start":{"line":32,"column":6},"end":{"line":35,"column":7}},"type":"if","locations":[{"start":{"line":32,"column":6},"end":{"line":35,"column":7}},{"start":{"line":32,"column":6},"end":{"line":35,"column":7}}],"line":32},"3":{"loc":{"start":{"line":38,"column":4},"end":{"line":42,"column":5}},"type":"if","locations":[{"start":{"line":38,"column":4},"end":{"line":42,"column":5}},{"start":{"line":38,"column":4},"end":{"line":42,"column":5}}],"line":38}},"s":{"0":2,"1":3,"2":3,"3":3,"4":9,"5":9,"6":9,"7":3,"8":9,"9":9,"10":9,"11":9,"12":9,"13":3,"14":1,"15":4,"16":4,"17":4,"18":4,"19":9,"20":3,"21":9,"22":4,"23":2,"24":2,"25":1,"26":4,"27":4},"f":{"0":3,"1":9,"2":3,"3":1,"4":4,"5":9,"6":1,"7":4},"b":{"0":[1,8],"1":[2,2],"2":[3,6],"3":[2,2]},"_coverageSchema":"43e27e138ebf9cfc5966b082cf9a028302ed4184","hash":"22255e2aae428b423e0943f2301cc8d77dba6800"}
,"/Users/milver/Development/interview/pokeapi/src/views/Pokemon.vue": {"path":"/Users/milver/Development/interview/pokeapi/src/views/Pokemon.vue","statementMap":{"0":{"start":{"line":29,"column":0},"end":{"line":29,"column":null}},"1":{"start":{"line":30,"column":0},"end":{"line":30,"column":null}},"2":{"start":{"line":31,"column":0},"end":{"line":31,"column":null}},"3":{"start":{"line":32,"column":0},"end":{"line":32,"column":null}},"4":{"start":{"line":33,"column":0},"end":{"line":33,"column":null}},"5":{"start":{"line":34,"column":0},"end":{"line":34,"column":null}},"6":{"start":{"line":36,"column":15},"end":{"line":36,"column":null}},"7":{"start":{"line":39,"column":18},"end":{"line":39,"column":null}},"8":{"start":{"line":40,"column":18},"end":{"line":40,"column":null}},"9":{"start":{"line":41,"column":20},"end":{"line":41,"column":29}},"10":{"start":{"line":41,"column":35},"end":{"line":41,"column":null}},"11":{"start":{"line":42,"column":17},"end":{"line":42,"column":26}},"12":{"start":{"line":42,"column":32},"end":{"line":42,"column":null}},"13":{"start":{"line":43,"column":19},"end":{"line":43,"column":28}},"14":{"start":{"line":43,"column":34},"end":{"line":43,"column":null}},"15":{"start":{"line":44,"column":26},"end":{"line":47,"column":null}},"16":{"start":{"line":45,"column":20},"end":{"line":45,"column":22}},"17":{"start":{"line":46,"column":6},"end":{"line":46,"column":11}},"18":{"start":{"line":48,"column":25},"end":{"line":53,"column":null}},"19":{"start":{"line":49,"column":6},"end":{"line":49,"column":11}},"20":{"start":{"line":52,"column":6},"end":{"line":52,"column":11}},"21":{"start":{"line":54,"column":4},"end":{"line":54,"column":14}},"22":{"start":{"line":55,"column":6},"end":{"line":55,"column":11}},"23":{"start":{"line":57,"column":4},"end":{"line":57,"column":11}},"24":{"start":{"line":60,"column":30},"end":{"line":60,"column":null}}},"fnMap":{"0":{"name":"(anonymous_0)","decl":{"start":{"line":38,"column":2},"end":{"line":38,"column":7}},"loc":{"start":{"line":38,"column":10},"end":{"line":64,"column":null}}},"1":{"name":"(anonymous_1)","decl":{"start":{"line":41,"column":29},"end":{"line":41,"column":35}},"loc":{"start":{"line":41,"column":35},"end":{"line":41,"column":null}}},"2":{"name":"(anonymous_2)","decl":{"start":{"line":42,"column":26},"end":{"line":42,"column":32}},"loc":{"start":{"line":42,"column":32},"end":{"line":42,"column":null}}},"3":{"name":"(anonymous_3)","decl":{"start":{"line":43,"column":28},"end":{"line":43,"column":34}},"loc":{"start":{"line":43,"column":34},"end":{"line":43,"column":null}}},"4":{"name":"(anonymous_4)","decl":{"start":{"line":44,"column":26},"end":{"line":44,"column":40}},"loc":{"start":{"line":44,"column":40},"end":{"line":47,"column":null}}},"5":{"name":"(anonymous_5)","decl":{"start":{"line":48,"column":25},"end":{"line":48,"column":35}},"loc":{"start":{"line":48,"column":35},"end":{"line":53,"column":null}}},"6":{"name":"(anonymous_6)","decl":{"start":{"line":54,"column":14},"end":{"line":54,"column":20}},"loc":{"start":{"line":54,"column":20},"end":{"line":56,"column":null}}},"7":{"name":"(anonymous_7)","decl":{"start":{"line":60,"column":24},"end":{"line":60,"column":30}},"loc":{"start":{"line":60,"column":30},"end":{"line":60,"column":null}}}},"branchMap":{},"s":{"0":1,"1":1,"2":1,"3":1,"4":1,"5":1,"6":1,"7":2,"8":2,"9":2,"10":6,"11":2,"12":5,"13":2,"14":2,"15":2,"16":1,"17":1,"18":2,"19":1,"20":1,"21":2,"22":2,"23":2,"24":5},"f":{"0":2,"1":6,"2":5,"3":2,"4":1,"5":1,"6":2,"7":5},"b":{}}
}
