TN:
SF:/Users/milver/Development/interview/pokeapi/src/api/config.js
FNF:0
FNH:0
DA:1,3
LF:1
LH:1
BRF:0
BRH:0
end_of_record
TN:
SF:/Users/milver/Development/interview/pokeapi/src/api/pokemonApi.js
FN:5,(anonymous_0)
FNF:1
FNH:1
FNDA:5,(anonymous_0)
DA:4,2
DA:6,5
LF:2
LH:2
BRDA:5,0,0,0
BRF:1
BRH:0
end_of_record
TN:
SF:/Users/milver/Development/interview/pokeapi/src/assets/logo.png
FNF:0
FNH:0
DA:1,1
LF:1
LH:1
BRF:0
BRH:0
end_of_record
TN:
SF:/Users/milver/Development/interview/pokeapi/src/components/HelloWorld.vue
FNF:0
FNH:0
DA:38,1
LF:1
LH:1
BRF:0
BRH:0
end_of_record
TN:
SF:/Users/milver/Development/interview/pokeapi/src/components/Layout.vue
FN:18,(anonymous_0)
FNF:1
FNH:1
FNDA:1,(anonymous_0)
DA:13,1
DA:14,1
DA:16,1
DA:19,1
DA:34,1
LF:5
LH:5
BRF:0
BRH:0
end_of_record
TN:
SF:/Users/milver/Development/interview/pokeapi/src/store/index.js
FN:10,(anonymous_0)
FN:13,(anonymous_1)
FN:21,(anonymous_2)
FN:22,(anonymous_3)
FNF:4
FNH:0
FNDA:0,(anonymous_0)
FNDA:0,(anonymous_1)
FNDA:0,(anonymous_2)
FNDA:0,(anonymous_3)
DA:11,0
DA:14,0
DA:15,0
DA:21,0
DA:22,0
LF:5
LH:0
BRF:0
BRH:0
end_of_record
TN:
SF:/Users/milver/Development/interview/pokeapi/src/store/modules/pokemon/actions.js
FN:5,(anonymous_0)
FN:17,(anonymous_1)
FNF:2
FNH:2
FNDA:5,(anonymous_0)
FNDA:1,(anonymous_1)
DA:4,2
DA:6,5
DA:7,5
DA:8,5
DA:9,1
DA:10,1
DA:12,1
DA:14,2
DA:18,1
LF:9
LH:9
BRDA:5,0,0,0
BRF:1
BRH:0
end_of_record
TN:
SF:/Users/milver/Development/interview/pokeapi/src/store/modules/pokemon/getters.js
FN:3,(anonymous_0)
FN:4,(anonymous_1)
FN:5,(anonymous_2)
FN:6,(anonymous_3)
FN:7,(anonymous_4)
FNF:5
FNH:5
FNDA:6,(anonymous_0)
FNDA:1,(anonymous_1)
FNDA:6,(anonymous_2)
FNDA:2,(anonymous_3)
FNDA:5,(anonymous_4)
DA:2,1
DA:3,6
DA:4,1
DA:5,6
DA:6,2
DA:7,5
LF:6
LH:6
BRF:0
BRH:0
end_of_record
TN:
SF:/Users/milver/Development/interview/pokeapi/src/store/modules/pokemon/index.js
FNF:0
FNH:0
DA:5,1
LF:1
LH:1
BRF:0
BRH:0
end_of_record
TN:
SF:/Users/milver/Development/interview/pokeapi/src/store/modules/pokemon/mutations.js
FN:5,(anonymous_0)
FN:8,(anonymous_1)
FN:11,(anonymous_2)
FN:22,(anonymous_3)
FN:25,(anonymous_4)
FN:31,(anonymous_5)
FN:41,(anonymous_6)
FN:45,(anonymous_7)
FNF:8
FNH:8
FNDA:3,(anonymous_0)
FNDA:9,(anonymous_1)
FNDA:3,(anonymous_2)
FNDA:1,(anonymous_3)
FNDA:4,(anonymous_4)
FNDA:9,(anonymous_5)
FNDA:1,(anonymous_6)
FNDA:4,(anonymous_7)
DA:4,2
DA:6,3
DA:7,3
DA:8,3
DA:9,9
DA:10,9
DA:11,9
DA:12,9
DA:13,9
DA:14,9
DA:17,9
DA:18,9
DA:20,3
DA:23,1
DA:26,4
DA:27,4
DA:28,4
DA:31,4
DA:32,9
DA:34,3
DA:36,9
DA:38,4
DA:39,2
DA:41,2
DA:43,4
DA:46,4
LF:26
LH:26
BRDA:14,0,0,1
BRDA:14,0,1,8
BRDA:28,1,0,2
BRDA:28,1,1,2
BRDA:32,2,0,3
BRDA:32,2,1,6
BRDA:38,3,0,2
BRDA:38,3,1,2
BRF:8
BRH:8
end_of_record
TN:
SF:/Users/milver/Development/interview/pokeapi/src/views/Pokemon.vue
FN:38,(anonymous_0)
FN:41,(anonymous_1)
FN:42,(anonymous_2)
FN:43,(anonymous_3)
FN:44,(anonymous_4)
FN:48,(anonymous_5)
FN:54,(anonymous_6)
FN:60,(anonymous_7)
FNF:8
FNH:8
FNDA:2,(anonymous_0)
FNDA:6,(anonymous_1)
FNDA:5,(anonymous_2)
FNDA:2,(anonymous_3)
FNDA:1,(anonymous_4)
FNDA:1,(anonymous_5)
FNDA:2,(anonymous_6)
FNDA:5,(anonymous_7)
DA:29,1
DA:30,1
DA:31,1
DA:32,1
DA:33,1
DA:34,1
DA:36,1
DA:39,2
DA:40,2
DA:41,6
DA:42,5
DA:43,2
DA:44,2
DA:45,1
DA:46,1
DA:48,2
DA:49,1
DA:52,1
DA:54,2
DA:55,2
DA:57,2
DA:60,5
LF:22
LH:22
BRF:0
BRH:0
end_of_record
